Base path: D:/Program Files (x86)/Unity/Editor/Data
Pipe name: \\.\pipe\UnityShaderCompiler-5-7460
Cmd: getPlatforms
Cmd: compileSnippet
  api=0 type=0 insize=10220 outsize=5477 kw=WATER_VERTEX_DISPLACEMENT_ON WATER_SIMPLE WATER_EDGEBLEND_OFF ok=1
Cmd: compileSnippet
  api=0 type=0 insize=10220 outsize=3225 kw=WATER_VERTEX_DISPLACEMENT_OFF WATER_SIMPLE WATER_EDGEBLEND_OFF ok=1
Cmd: compileSnippet
  api=0 type=1 insize=10220 outsize=6 kw=WATER_VERTEX_DISPLACEMENT_ON WATER_REFLECTIVE WATER_EDGEBLEND_OFF ok=1
Cmd: compileSnippet
  api=1 type=1 insize=10220 outsize=1414 kw=WATER_VERTEX_DISPLACEMENT_ON WATER_SIMPLE WATER_EDGEBLEND_OFF ok=1
Cmd: compileSnippet
  api=1 type=1 insize=10220 outsize=1505 kw=WATER_VERTEX_DISPLACEMENT_OFF WATER_REFLECTIVE WATER_EDGEBLEND_OFF ok=1
Cmd: compileSnippet
  api=1 type=0 insize=10224 outsize=2463 kw=WATER_VERTEX_DISPLACEMENT_ON WATER_EDGEBLEND_ON WATER_REFLECTIVE ok=1
Cmd: compileSnippet
  api=0 type=0 insize=10224 outsize=2700 kw=WATER_VERTEX_DISPLACEMENT_OFF WATER_EDGEBLEND_ON WATER_SIMPLE ok=1
Cmd: compileSnippet
  api=0 type=1 insize=10224 outsize=6 kw=WATER_VERTEX_DISPLACEMENT_ON WATER_EDGEBLEND_ON WATER_REFLECTIVE ok=1
Cmd: compileSnippet
  api=1 type=1 insize=10224 outsize=1026 kw=WATER_VERTEX_DISPLACEMENT_ON WATER_SIMPLE WATER_EDGEBLEND_OFF ok=1
Cmd: compileSnippet
  api=4 type=1 insize=10224 outsize=3907 kw=WATER_VERTEX_DISPLACEMENT_OFF WATER_EDGEBLEND_ON WATER_SIMPLE ok=1
Cmd: compileSnippet
  api=1 type=1 insize=9966 outsize=1100 kw= ok=1
Cmd: compileSnippet
  api=0 type=1 insize=952 outsize=222 kw= ok=1
